2025-10-31 10:12:54 error: MongooseServerSelectionError: Could not connect to any servers in your MongoDB Atlas cluster. One common reason is that you're trying to access the database from an IP that isn't whitelisted. Make sure your current IP address is on your Atlas cluster's IP whitelist: https://www.mongodb.com/docs/atlas/security-whitelist/
    at _handleConnectionErrors (G:\Harkirat\Code\Week - 15\Brainly_By_Me\backend\node_modules\mongoose\lib\connection.js:1165:11)
    at NativeConnection.openUri (G:\Harkirat\Code\Week - 15\Brainly_By_Me\backend\node_modules\mongoose\lib\connection.js:1096:11)
    at async connectDB (file:///G:/Harkirat/Code/Week%20-%2015/Brainly_By_Me/backend/dist/config/db.config.js:11:36)
    at async startServer (file:///G:/Harkirat/Code/Week%20-%2015/Brainly_By_Me/backend/dist/index.js:9:9)
2025-11-01 13:15:05 error: MongooseServerSelectionError: Could not connect to any servers in your MongoDB Atlas cluster. One common reason is that you're trying to access the database from an IP that isn't whitelisted. Make sure your current IP address is on your Atlas cluster's IP whitelist: https://www.mongodb.com/docs/atlas/security-whitelist/
    at _handleConnectionErrors (G:\Harkirat\Code\Week - 15\Brainly_By_Me\backend\node_modules\mongoose\lib\connection.js:1165:11)
    at NativeConnection.openUri (G:\Harkirat\Code\Week - 15\Brainly_By_Me\backend\node_modules\mongoose\lib\connection.js:1096:11)
    at async connectDB (file:///G:/Harkirat/Code/Week%20-%2015/Brainly_By_Me/backend/dist/config/db.config.js:11:36)
    at async startServer (file:///G:/Harkirat/Code/Week%20-%2015/Brainly_By_Me/backend/dist/index.js:9:9)
2025-11-03 21:01:25 error: Error: querySrv ETIMEOUT _mongodb._tcp.cluster0.lihprb2.mongodb.net
    at QueryReqWrap.onresolve [as oncomplete] (node:internal/dns/promises:294:17)
2025-11-03 21:02:39 error: Error: querySrv ETIMEOUT _mongodb._tcp.cluster0.lihprb2.mongodb.net
    at QueryReqWrap.onresolve [as oncomplete] (node:internal/dns/promises:294:17)
2025-12-13 11:22:12 error: Error: querySrv ENOTFOUND _mongodb._tcp.cluster0.lihprb2.mongodb.net
    at QueryReqWrap.onresolve [as oncomplete] (node:internal/dns/promises:294:17)
2025-12-20 11:08:19 error: Error: Unexpected socket close
    at Timeout._onTimeout (G:\Projects\Harkirat\Code\Week - 15\Brainly_By_Me\backend\node_modules\nodemailer\lib\smtp-transport\index.js:190:31)
    at listOnTimeout (node:internal/timers:588:17)
    at process.processTimers (node:internal/timers:523:7)
2025-12-20 11:08:31 error: Error: Unexpected socket close
    at Timeout._onTimeout (G:\Projects\Harkirat\Code\Week - 15\Brainly_By_Me\backend\node_modules\nodemailer\lib\smtp-transport\index.js:190:31)
    at listOnTimeout (node:internal/timers:588:17)
    at process.processTimers (node:internal/timers:523:7)
2025-12-20 11:09:08 error: MongooseServerSelectionError: Could not connect to any servers in your MongoDB Atlas cluster. One common reason is that you're trying to access the database from an IP that isn't whitelisted. Make sure your current IP address is on your Atlas cluster's IP whitelist: https://www.mongodb.com/docs/atlas/security-whitelist/
    at _handleConnectionErrors (G:\Projects\Harkirat\Code\Week - 15\Brainly_By_Me\backend\node_modules\mongoose\lib\connection.js:1165:11)
    at NativeConnection.openUri (G:\Projects\Harkirat\Code\Week - 15\Brainly_By_Me\backend\node_modules\mongoose\lib\connection.js:1096:11)
    at async connectDB (file:///G:/Projects/Harkirat/Code/Week%20-%2015/Brainly_By_Me/backend/dist/config/db.config.js:18:36)
    at async startServer (file:///G:/Projects/Harkirat/Code/Week%20-%2015/Brainly_By_Me/backend/dist/index.js:9:9)
2025-12-20 11:10:06 error: MongooseServerSelectionError: Could not connect to any servers in your MongoDB Atlas cluster. One common reason is that you're trying to access the database from an IP that isn't whitelisted. Make sure your current IP address is on your Atlas cluster's IP whitelist: https://www.mongodb.com/docs/atlas/security-whitelist/
    at _handleConnectionErrors (G:\Projects\Harkirat\Code\Week - 15\Brainly_By_Me\backend\node_modules\mongoose\lib\connection.js:1165:11)
    at NativeConnection.openUri (G:\Projects\Harkirat\Code\Week - 15\Brainly_By_Me\backend\node_modules\mongoose\lib\connection.js:1096:11)
    at async connectDB (file:///G:/Projects/Harkirat/Code/Week%20-%2015/Brainly_By_Me/backend/dist/config/db.config.js:18:36)
    at async startServer (file:///G:/Projects/Harkirat/Code/Week%20-%2015/Brainly_By_Me/backend/dist/index.js:9:9)
2025-12-20 11:11:06 error: MongooseServerSelectionError: Could not connect to any servers in your MongoDB Atlas cluster. One common reason is that you're trying to access the database from an IP that isn't whitelisted. Make sure your current IP address is on your Atlas cluster's IP whitelist: https://www.mongodb.com/docs/atlas/security-whitelist/
    at _handleConnectionErrors (G:\Projects\Harkirat\Code\Week - 15\Brainly_By_Me\backend\node_modules\mongoose\lib\connection.js:1165:11)
    at NativeConnection.openUri (G:\Projects\Harkirat\Code\Week - 15\Brainly_By_Me\backend\node_modules\mongoose\lib\connection.js:1096:11)
    at async connectDB (file:///G:/Projects/Harkirat/Code/Week%20-%2015/Brainly_By_Me/backend/dist/config/db.config.js:18:36)
    at async startServer (file:///G:/Projects/Harkirat/Code/Week%20-%2015/Brainly_By_Me/backend/dist/index.js:9:9)
2025-12-20 11:21:02 error: Error: Unexpected socket close
    at Timeout._onTimeout (G:\Projects\Harkirat\Code\Week - 15\Brainly_By_Me\backend\node_modules\nodemailer\lib\smtp-transport\index.js:190:31)
    at listOnTimeout (node:internal/timers:588:17)
    at process.processTimers (node:internal/timers:523:7)
